MyAR2/myAR/build/outputs/logs/manifest-merger-debug-report.txt
-- Merging decision tree log ---
manifest
ADDED from src\main\AndroidManifest.xml:2:1-25:12
	package
		ADDED from src\main\AndroidManifest.xml:2:70-92
		INJECTED from src\main\AndroidManifest.xml
		INJECTED from src\main\AndroidManifest.xml
	android:versionName
		ADDED from src\main\AndroidManifest.xml:2:93-118
		INJECTED from src\main\AndroidManifest.xml
		INJECTED from src\main\AndroidManifest.xml
	android:versionCode
		ADDED from src\main\AndroidManifest.xml:2:119-142
		INJECTED from src\main\AndroidManifest.xml
		INJECTED from src\main\AndroidManifest.xml
	xmlns:android
		ADDED from src\main\AndroidManifest.xml:2:11-69
	android:installLocation
		ADDED from src\main\AndroidManifest.xml:2:143-183
application
ADDED from src\main\AndroidManifest.xml:3:3-12:17
	android:label
		ADDED from src\main\AndroidManifest.xml:3:50-82
	android:debuggable
		ADDED from src\main\AndroidManifest.xml:3:83-109
	android:icon
		ADDED from src\main\AndroidManifest.xml:3:16-49
	android:banner
		ADDED from src\main\AndroidManifest.xml:3:132-169
	android:isGame
		ADDED from src\main\AndroidManifest.xml:3:110-131
activity#com.hiar.sdk.UnityPlayerNativeActivity
ADDED from src\main\AndroidManifest.xml:4:5-11:16
	android:screenOrientation
		ADDED from src\main\AndroidManifest.xml:4:48-85
	android:label
		ADDED from src\main\AndroidManifest.xml:4:15-47
	android:launchMode
		ADDED from src\main\AndroidManifest.xml:4:86-117
	android:configChanges
		ADDED from src\main\AndroidManifest.xml:4:118-275
	android:name
		ADDED from src\main\AndroidManifest.xml:4:276-329
intent-filter#android.intent.action.MAIN+android.intent.category.LAUNCHER+android.intent.category.LEANBACK_LAUNCHER
ADDED from src\main\AndroidManifest.xml:5:7-9:23
action#android.intent.action.MAIN
ADDED from src\main\AndroidManifest.xml:6:9-61
	android:name
		ADDED from src\main\AndroidManifest.xml:6:17-58
category#android.intent.category.LAUNCHER
ADDED from src\main\AndroidManifest.xml:7:9-69
	android:name
		ADDED from src\main\AndroidManifest.xml:7:19-66
category#android.intent.category.LEANBACK_LAUNCHER
ADDED from src\main\AndroidManifest.xml:8:9-78
	android:name
		ADDED from src\main\AndroidManifest.xml:8:19-75
meta-data#unityplayer.ForwardNativeEventsToDalvik
ADDED from src\main\AndroidManifest.xml:10:7-96
	android:value
		ADDED from src\main\AndroidManifest.xml:10:73-93
	android:name
		ADDED from src\main\AndroidManifest.xml:10:18-72
uses-sdk
ADDED from src\main\AndroidManifest.xml:13:3-72
	android:targetSdkVersion
		ADDED from src\main\AndroidManifest.xml:13:13-42
		INJECTED from src\main\AndroidManifest.xml
		INJECTED from src\main\AndroidManifest.xml
	android:minSdkVersion
		ADDED from src\main\AndroidManifest.xml:13:43-69
		INJECTED from src\main\AndroidManifest.xml
		INJECTED from src\main\AndroidManifest.xml
uses-permission#android.permission.CAMERA
ADDED from src\main\AndroidManifest.xml:14:3-63
	android:name
		ADDED from src\main\AndroidManifest.xml:14:20-60
uses-permission#android.permission.INTERNET
ADDED from src\main\AndroidManifest.xml:15:3-65
	android:name
		ADDED from src\main\AndroidManifest.xml:15:20-62
uses-permission#android.permission.ACCESS_NETWORK_STATE
ADDED from src\main\AndroidManifest.xml:16:3-77
	android:name
		ADDED from src\main\AndroidManifest.xml:16:20-74
uses-permission#android.permission.WRITE_EXTERNAL_STORAGE
ADDED from src\main\AndroidManifest.xml:17:3-79
	android:name
		ADDED from src\main\AndroidManifest.xml:17:20-76
uses-feature#android.hardware.camera.any
ADDED from src\main\AndroidManifest.xml:18:3-62
	android:name
		ADDED from src\main\AndroidManifest.xml:18:17-59
uses-feature#android.hardware.camera
ADDED from src\main\AndroidManifest.xml:19:3-83
	android:required
		ADDED from src\main\AndroidManifest.xml:19:56-80
	android:name
		ADDED from src\main\AndroidManifest.xml:19:17-55
uses-feature#android.hardware.camera.autofocus
ADDED from src\main\AndroidManifest.xml:20:3-93
	android:required
		ADDED from src\main\AndroidManifest.xml:20:66-90
	android:name
		ADDED from src\main\AndroidManifest.xml:20:17-65
uses-feature#0x00020000
ADDED from src\main\AndroidManifest.xml:21:3-52
	android:glEsVersion
		ADDED from src\main\AndroidManifest.xml:21:17-49
uses-feature#android.hardware.touchscreen
ADDED from src\main\AndroidManifest.xml:22:3-88
	android:required
		ADDED from src\main\AndroidManifest.xml:22:61-85
	android:name
		ADDED from src\main\AndroidManifest.xml:22:17-60
uses-feature#android.hardware.touchscreen.multitouch
ADDED from src\main\AndroidManifest.xml:23:3-99
	android:required
		ADDED from src\main\AndroidManifest.xml:23:72-96
	android:name
		ADDED from src\main\AndroidManifest.xml:23:17-71
uses-feature#android.hardware.touchscreen.multitouch.distinct
ADDED from src\main\AndroidManifest.xml:24:3-108
	android:required
		ADDED from src\main\AndroidManifest.xml:24:81-105
	android:name
		ADDED from src\main\AndroidManifest.xml:24:17-80